Copyright 1986-2022 Xilinx, Inc. All Rights Reserved.
------------------------------------------------------------------------------------
| Tool Version : Vivado v.2022.2 (lin64) Build 3671981 Fri Oct 14 04:59:54 MDT 2022
| Date         : Mon Apr 22 23:28:14 2024
| Host         : pop-os running 64-bit Pop!_OS 22.04 LTS
| Command      : upgrade_ip
| Device       : xc7s50csga324-1
------------------------------------------------------------------------------------

Upgrade Log for IP 'i2c_interface_axi_to_iic_0_0'

1. Summary
----------

SUCCESS in the upgrade of i2c_interface_axi_to_iic_0_0 (user.org:user:axi_to_iic:1.0) from (Rev. 8) to (Rev. 9)






Copyright 1986-2022 Xilinx, Inc. All Rights Reserved.
------------------------------------------------------------------------------------
| Tool Version : Vivado v.2022.2 (lin64) Build 3671981 Fri Oct 14 04:59:54 MDT 2022
| Date         : Mon Apr 22 23:21:22 2024
| Host         : pop-os running 64-bit Pop!_OS 22.04 LTS
| Command      : upgrade_ip
| Device       : xc7s50csga324-1
------------------------------------------------------------------------------------

Upgrade Log for IP 'i2c_interface_axi_to_iic_0_0'

1. Summary
----------

SUCCESS in the upgrade of i2c_interface_axi_to_iic_0_0 (user.org:user:axi_to_iic:1.0) from (Rev. 5) to (Rev. 8)






Copyright 1986-2022 Xilinx, Inc. All Rights Reserved.
------------------------------------------------------------------------------------
| Tool Version : Vivado v.2022.2 (lin64) Build 3671981 Fri Oct 14 04:59:54 MDT 2022
| Date         : Mon Apr 22 22:59:58 2024
| Host         : pop-os running 64-bit Pop!_OS 22.04 LTS
| Command      : upgrade_ip
| Device       : xc7s50csga324-1
------------------------------------------------------------------------------------

Upgrade Log for IP 'i2c_interface_axi_to_iic_0_0'

1. Summary
----------

SUCCESS in the upgrade of i2c_interface_axi_to_iic_0_0 (user.org:user:axi_to_iic:1.0) from (Rev. 4) to (Rev. 5)

