
*** Running vivado
    with args -log camera_toplevel.vdi -applog -m64 -product Vivado -messageDb vivado.pb -mode batch -source camera_toplevel.tcl -notrace


****** Vivado v2022.2 (64-bit)
  **** SW Build 3671981 on Fri Oct 14 04:59:54 MDT 2022
  **** IP Build 3669848 on Fri Oct 14 08:30:02 MDT 2022
    ** Copyright 1986-2022 Xilinx, Inc. All Rights Reserved.

source camera_toplevel.tcl -notrace
INFO: [IP_Flow 19-234] Refreshing IP repositories
INFO: [IP_Flow 19-1700] Loaded user IP repository '/media/lifrankfan/CrucialX6/ip_repo'.
INFO: [IP_Flow 19-2313] Loaded Vivado IP repository '/home/lifrankfan/Apps/Vivado/2022.2/data/ip'.
Command: link_design -top camera_toplevel -part xc7s50csga324-1
Design is defaulting to srcset: sources_1
Design is defaulting to constrset: constrs_1
INFO: [Device 21-403] Loading part xc7s50csga324-1
INFO: [Project 1-454] Reading design checkpoint '/media/lifrankfan/CrucialX6/CameraDriverV2/CameraDriverV2.gen/sources_1/bd/i2c_interface/ip/i2c_interface_axi_gpio_0_0/i2c_interface_axi_gpio_0_0.dcp' for cell 'i2c_interface_i/axi_gpio_0'
INFO: [Project 1-454] Reading design checkpoint '/media/lifrankfan/CrucialX6/CameraDriverV2/CameraDriverV2.gen/sources_1/bd/i2c_interface/ip/i2c_interface_axi_to_iic_0_0/i2c_interface_axi_to_iic_0_0.dcp' for cell 'i2c_interface_i/axi_to_iic_0'
INFO: [Project 1-454] Reading design checkpoint '/media/lifrankfan/CrucialX6/CameraDriverV2/CameraDriverV2.gen/sources_1/bd/i2c_interface/ip/i2c_interface_axi_uartlite_0_0/i2c_interface_axi_uartlite_0_0.dcp' for cell 'i2c_interface_i/axi_uartlite_0'
INFO: [Project 1-454] Reading design checkpoint '/media/lifrankfan/CrucialX6/CameraDriverV2/CameraDriverV2.gen/sources_1/bd/i2c_interface/ip/i2c_interface_clk_wiz_1_0/i2c_interface_clk_wiz_1_0.dcp' for cell 'i2c_interface_i/clk_wiz_1'
INFO: [Project 1-454] Reading design checkpoint '/media/lifrankfan/CrucialX6/CameraDriverV2/CameraDriverV2.gen/sources_1/bd/i2c_interface/ip/i2c_interface_mdm_1_0/i2c_interface_mdm_1_0.dcp' for cell 'i2c_interface_i/mdm_1'
INFO: [Project 1-454] Reading design checkpoint '/media/lifrankfan/CrucialX6/CameraDriverV2/CameraDriverV2.gen/sources_1/bd/i2c_interface/ip/i2c_interface_microblaze_0_0/i2c_interface_microblaze_0_0.dcp' for cell 'i2c_interface_i/microblaze_0'
INFO: [Project 1-454] Reading design checkpoint '/media/lifrankfan/CrucialX6/CameraDriverV2/CameraDriverV2.gen/sources_1/bd/i2c_interface/ip/i2c_interface_microblaze_0_axi_intc_0/i2c_interface_microblaze_0_axi_intc_0.dcp' for cell 'i2c_interface_i/microblaze_0_axi_intc'
INFO: [Project 1-454] Reading design checkpoint '/media/lifrankfan/CrucialX6/CameraDriverV2/CameraDriverV2.gen/sources_1/bd/i2c_interface/ip/i2c_interface_rst_clk_wiz_1_100M_0/i2c_interface_rst_clk_wiz_1_100M_0.dcp' for cell 'i2c_interface_i/rst_clk_wiz_1_100M'
INFO: [Project 1-454] Reading design checkpoint '/media/lifrankfan/CrucialX6/CameraDriverV2/CameraDriverV2.gen/sources_1/bd/i2c_interface/ip/i2c_interface_xbar_0/i2c_interface_xbar_0.dcp' for cell 'i2c_interface_i/microblaze_0_axi_periph/xbar'
INFO: [Project 1-454] Reading design checkpoint '/media/lifrankfan/CrucialX6/CameraDriverV2/CameraDriverV2.gen/sources_1/bd/i2c_interface/ip/i2c_interface_dlmb_bram_if_cntlr_0/i2c_interface_dlmb_bram_if_cntlr_0.dcp' for cell 'i2c_interface_i/microblaze_0_local_memory/dlmb_bram_if_cntlr'
INFO: [Project 1-454] Reading design checkpoint '/media/lifrankfan/CrucialX6/CameraDriverV2/CameraDriverV2.gen/sources_1/bd/i2c_interface/ip/i2c_interface_dlmb_v10_0/i2c_interface_dlmb_v10_0.dcp' for cell 'i2c_interface_i/microblaze_0_local_memory/dlmb_v10'
INFO: [Project 1-454] Reading design checkpoint '/media/lifrankfan/CrucialX6/CameraDriverV2/CameraDriverV2.gen/sources_1/bd/i2c_interface/ip/i2c_interface_ilmb_bram_if_cntlr_0/i2c_interface_ilmb_bram_if_cntlr_0.dcp' for cell 'i2c_interface_i/microblaze_0_local_memory/ilmb_bram_if_cntlr'
INFO: [Project 1-454] Reading design checkpoint '/media/lifrankfan/CrucialX6/CameraDriverV2/CameraDriverV2.gen/sources_1/bd/i2c_interface/ip/i2c_interface_ilmb_v10_0/i2c_interface_ilmb_v10_0.dcp' for cell 'i2c_interface_i/microblaze_0_local_memory/ilmb_v10'
INFO: [Project 1-454] Reading design checkpoint '/media/lifrankfan/CrucialX6/CameraDriverV2/CameraDriverV2.gen/sources_1/bd/i2c_interface/ip/i2c_interface_lmb_bram_0/i2c_interface_lmb_bram_0.dcp' for cell 'i2c_interface_i/microblaze_0_local_memory/lmb_bram'
Netlist sorting complete. Time (s): cpu = 00:00:00.11 ; elapsed = 00:00:00.11 . Memory (MB): peak = 1643.395 ; gain = 0.000 ; free physical = 1774 ; free virtual = 20294
INFO: [Netlist 29-17] Analyzing 325 Unisim elements for replacement
INFO: [Netlist 29-28] Unisim Transformation completed in 0 CPU seconds
INFO: [Project 1-479] Netlist was created with Vivado 2022.2
INFO: [Project 1-570] Preparing netlist for logic optimization
Parsing XDC File [/media/lifrankfan/CrucialX6/CameraDriverV2/CameraDriverV2.gen/sources_1/bd/i2c_interface/ip/i2c_interface_microblaze_0_0/i2c_interface_microblaze_0_0.xdc] for cell 'i2c_interface_i/microblaze_0/U0'
Finished Parsing XDC File [/media/lifrankfan/CrucialX6/CameraDriverV2/CameraDriverV2.gen/sources_1/bd/i2c_interface/ip/i2c_interface_microblaze_0_0/i2c_interface_microblaze_0_0.xdc] for cell 'i2c_interface_i/microblaze_0/U0'
Parsing XDC File [/media/lifrankfan/CrucialX6/CameraDriverV2/CameraDriverV2.gen/sources_1/bd/i2c_interface/ip/i2c_interface_axi_uartlite_0_0/i2c_interface_axi_uartlite_0_0_board.xdc] for cell 'i2c_interface_i/axi_uartlite_0/U0'
Finished Parsing XDC File [/media/lifrankfan/CrucialX6/CameraDriverV2/CameraDriverV2.gen/sources_1/bd/i2c_interface/ip/i2c_interface_axi_uartlite_0_0/i2c_interface_axi_uartlite_0_0_board.xdc] for cell 'i2c_interface_i/axi_uartlite_0/U0'
Parsing XDC File [/media/lifrankfan/CrucialX6/CameraDriverV2/CameraDriverV2.gen/sources_1/bd/i2c_interface/ip/i2c_interface_axi_uartlite_0_0/i2c_interface_axi_uartlite_0_0.xdc] for cell 'i2c_interface_i/axi_uartlite_0/U0'
Finished Parsing XDC File [/media/lifrankfan/CrucialX6/CameraDriverV2/CameraDriverV2.gen/sources_1/bd/i2c_interface/ip/i2c_interface_axi_uartlite_0_0/i2c_interface_axi_uartlite_0_0.xdc] for cell 'i2c_interface_i/axi_uartlite_0/U0'
Parsing XDC File [/media/lifrankfan/CrucialX6/CameraDriverV2/CameraDriverV2.gen/sources_1/bd/i2c_interface/ip/i2c_interface_axi_gpio_0_0/i2c_interface_axi_gpio_0_0_board.xdc] for cell 'i2c_interface_i/axi_gpio_0/U0'
Finished Parsing XDC File [/media/lifrankfan/CrucialX6/CameraDriverV2/CameraDriverV2.gen/sources_1/bd/i2c_interface/ip/i2c_interface_axi_gpio_0_0/i2c_interface_axi_gpio_0_0_board.xdc] for cell 'i2c_interface_i/axi_gpio_0/U0'
Parsing XDC File [/media/lifrankfan/CrucialX6/CameraDriverV2/CameraDriverV2.gen/sources_1/bd/i2c_interface/ip/i2c_interface_axi_gpio_0_0/i2c_interface_axi_gpio_0_0.xdc] for cell 'i2c_interface_i/axi_gpio_0/U0'
Finished Parsing XDC File [/media/lifrankfan/CrucialX6/CameraDriverV2/CameraDriverV2.gen/sources_1/bd/i2c_interface/ip/i2c_interface_axi_gpio_0_0/i2c_interface_axi_gpio_0_0.xdc] for cell 'i2c_interface_i/axi_gpio_0/U0'
Parsing XDC File [/media/lifrankfan/CrucialX6/CameraDriverV2/CameraDriverV2.gen/sources_1/bd/i2c_interface/ip/i2c_interface_microblaze_0_axi_intc_0/i2c_interface_microblaze_0_axi_intc_0.xdc] for cell 'i2c_interface_i/microblaze_0_axi_intc/U0'
Finished Parsing XDC File [/media/lifrankfan/CrucialX6/CameraDriverV2/CameraDriverV2.gen/sources_1/bd/i2c_interface/ip/i2c_interface_microblaze_0_axi_intc_0/i2c_interface_microblaze_0_axi_intc_0.xdc] for cell 'i2c_interface_i/microblaze_0_axi_intc/U0'
Parsing XDC File [/media/lifrankfan/CrucialX6/CameraDriverV2/CameraDriverV2.gen/sources_1/bd/i2c_interface/ip/i2c_interface_clk_wiz_1_0/i2c_interface_clk_wiz_1_0_board.xdc] for cell 'i2c_interface_i/clk_wiz_1/inst'
Finished Parsing XDC File [/media/lifrankfan/CrucialX6/CameraDriverV2/CameraDriverV2.gen/sources_1/bd/i2c_interface/ip/i2c_interface_clk_wiz_1_0/i2c_interface_clk_wiz_1_0_board.xdc] for cell 'i2c_interface_i/clk_wiz_1/inst'
Parsing XDC File [/media/lifrankfan/CrucialX6/CameraDriverV2/CameraDriverV2.gen/sources_1/bd/i2c_interface/ip/i2c_interface_clk_wiz_1_0/i2c_interface_clk_wiz_1_0.xdc] for cell 'i2c_interface_i/clk_wiz_1/inst'
INFO: [Timing 38-35] Done setting XDC timing constraints. [/media/lifrankfan/CrucialX6/CameraDriverV2/CameraDriverV2.gen/sources_1/bd/i2c_interface/ip/i2c_interface_clk_wiz_1_0/i2c_interface_clk_wiz_1_0.xdc:57]
INFO: [Timing 38-2] Deriving generated clocks [/media/lifrankfan/CrucialX6/CameraDriverV2/CameraDriverV2.gen/sources_1/bd/i2c_interface/ip/i2c_interface_clk_wiz_1_0/i2c_interface_clk_wiz_1_0.xdc:57]
get_clocks: Time (s): cpu = 00:00:07 ; elapsed = 00:00:07 . Memory (MB): peak = 2217.672 ; gain = 415.688 ; free physical = 1382 ; free virtual = 19861
Finished Parsing XDC File [/media/lifrankfan/CrucialX6/CameraDriverV2/CameraDriverV2.gen/sources_1/bd/i2c_interface/ip/i2c_interface_clk_wiz_1_0/i2c_interface_clk_wiz_1_0.xdc] for cell 'i2c_interface_i/clk_wiz_1/inst'
Parsing XDC File [/media/lifrankfan/CrucialX6/CameraDriverV2/CameraDriverV2.gen/sources_1/bd/i2c_interface/ip/i2c_interface_rst_clk_wiz_1_100M_0/i2c_interface_rst_clk_wiz_1_100M_0_board.xdc] for cell 'i2c_interface_i/rst_clk_wiz_1_100M/U0'
Finished Parsing XDC File [/media/lifrankfan/CrucialX6/CameraDriverV2/CameraDriverV2.gen/sources_1/bd/i2c_interface/ip/i2c_interface_rst_clk_wiz_1_100M_0/i2c_interface_rst_clk_wiz_1_100M_0_board.xdc] for cell 'i2c_interface_i/rst_clk_wiz_1_100M/U0'
Parsing XDC File [/media/lifrankfan/CrucialX6/CameraDriverV2/CameraDriverV2.gen/sources_1/bd/i2c_interface/ip/i2c_interface_rst_clk_wiz_1_100M_0/i2c_interface_rst_clk_wiz_1_100M_0.xdc] for cell 'i2c_interface_i/rst_clk_wiz_1_100M/U0'
Finished Parsing XDC File [/media/lifrankfan/CrucialX6/CameraDriverV2/CameraDriverV2.gen/sources_1/bd/i2c_interface/ip/i2c_interface_rst_clk_wiz_1_100M_0/i2c_interface_rst_clk_wiz_1_100M_0.xdc] for cell 'i2c_interface_i/rst_clk_wiz_1_100M/U0'
Parsing XDC File [/media/lifrankfan/CrucialX6/CameraDriverV2/CameraDriverV2.srcs/constrs_1/new/pin_map.xdc]
WARNING: [Vivado 12-584] No ports matched 'Clk'. [/media/lifrankfan/CrucialX6/CameraDriverV2/CameraDriverV2.srcs/constrs_1/new/pin_map.xdc:1]
CRITICAL WARNING: [Common 17-55] 'set_property' expects at least one object. [/media/lifrankfan/CrucialX6/CameraDriverV2/CameraDriverV2.srcs/constrs_1/new/pin_map.xdc:1]
Resolution: If [get_<value>] was used to populate the object, check to make sure this command returns at least one valid object.
WARNING: [Vivado 12-584] No ports matched 'led'. [/media/lifrankfan/CrucialX6/CameraDriverV2/CameraDriverV2.srcs/constrs_1/new/pin_map.xdc:2]
CRITICAL WARNING: [Common 17-55] 'set_property' expects at least one object. [/media/lifrankfan/CrucialX6/CameraDriverV2/CameraDriverV2.srcs/constrs_1/new/pin_map.xdc:2]
Resolution: If [get_<value>] was used to populate the object, check to make sure this command returns at least one valid object.
WARNING: [Vivado 12-584] No ports matched 'scl'. [/media/lifrankfan/CrucialX6/CameraDriverV2/CameraDriverV2.srcs/constrs_1/new/pin_map.xdc:5]
CRITICAL WARNING: [Common 17-55] 'set_property' expects at least one object. [/media/lifrankfan/CrucialX6/CameraDriverV2/CameraDriverV2.srcs/constrs_1/new/pin_map.xdc:5]
Resolution: If [get_<value>] was used to populate the object, check to make sure this command returns at least one valid object.
WARNING: [Vivado 12-584] No ports matched 'sda'. [/media/lifrankfan/CrucialX6/CameraDriverV2/CameraDriverV2.srcs/constrs_1/new/pin_map.xdc:6]
CRITICAL WARNING: [Common 17-55] 'set_property' expects at least one object. [/media/lifrankfan/CrucialX6/CameraDriverV2/CameraDriverV2.srcs/constrs_1/new/pin_map.xdc:6]
Resolution: If [get_<value>] was used to populate the object, check to make sure this command returns at least one valid object.
WARNING: [Vivado 12-584] No ports matched 'Clk'. [/media/lifrankfan/CrucialX6/CameraDriverV2/CameraDriverV2.srcs/constrs_1/new/pin_map.xdc:7]
CRITICAL WARNING: [Common 17-55] 'set_property' expects at least one object. [/media/lifrankfan/CrucialX6/CameraDriverV2/CameraDriverV2.srcs/constrs_1/new/pin_map.xdc:7]
Resolution: If [get_<value>] was used to populate the object, check to make sure this command returns at least one valid object.
WARNING: [Vivado 12-584] No ports matched 'led'. [/media/lifrankfan/CrucialX6/CameraDriverV2/CameraDriverV2.srcs/constrs_1/new/pin_map.xdc:8]
CRITICAL WARNING: [Common 17-55] 'set_property' expects at least one object. [/media/lifrankfan/CrucialX6/CameraDriverV2/CameraDriverV2.srcs/constrs_1/new/pin_map.xdc:8]
Resolution: If [get_<value>] was used to populate the object, check to make sure this command returns at least one valid object.
WARNING: [Vivado 12-584] No ports matched 'scl'. [/media/lifrankfan/CrucialX6/CameraDriverV2/CameraDriverV2.srcs/constrs_1/new/pin_map.xdc:13]
CRITICAL WARNING: [Common 17-55] 'set_property' expects at least one object. [/media/lifrankfan/CrucialX6/CameraDriverV2/CameraDriverV2.srcs/constrs_1/new/pin_map.xdc:13]
Resolution: If [get_<value>] was used to populate the object, check to make sure this command returns at least one valid object.
WARNING: [Vivado 12-584] No ports matched 'sda'. [/media/lifrankfan/CrucialX6/CameraDriverV2/CameraDriverV2.srcs/constrs_1/new/pin_map.xdc:14]
CRITICAL WARNING: [Common 17-55] 'set_property' expects at least one object. [/media/lifrankfan/CrucialX6/CameraDriverV2/CameraDriverV2.srcs/constrs_1/new/pin_map.xdc:14]
Resolution: If [get_<value>] was used to populate the object, check to make sure this command returns at least one valid object.
Finished Parsing XDC File [/media/lifrankfan/CrucialX6/CameraDriverV2/CameraDriverV2.srcs/constrs_1/new/pin_map.xdc]
Parsing XDC File [/media/lifrankfan/CrucialX6/CameraDriverV2/CameraDriverV2.gen/sources_1/bd/i2c_interface/ip/i2c_interface_microblaze_0_axi_intc_0/i2c_interface_microblaze_0_axi_intc_0_clocks.xdc] for cell 'i2c_interface_i/microblaze_0_axi_intc/U0'
Finished Parsing XDC File [/media/lifrankfan/CrucialX6/CameraDriverV2/CameraDriverV2.gen/sources_1/bd/i2c_interface/ip/i2c_interface_microblaze_0_axi_intc_0/i2c_interface_microblaze_0_axi_intc_0_clocks.xdc] for cell 'i2c_interface_i/microblaze_0_axi_intc/U0'
Parsing XDC File [/media/lifrankfan/CrucialX6/CameraDriverV2/CameraDriverV2.gen/sources_1/bd/i2c_interface/ip/i2c_interface_mdm_1_0/i2c_interface_mdm_1_0.xdc] for cell 'i2c_interface_i/mdm_1/U0'
Finished Parsing XDC File [/media/lifrankfan/CrucialX6/CameraDriverV2/CameraDriverV2.gen/sources_1/bd/i2c_interface/ip/i2c_interface_mdm_1_0/i2c_interface_mdm_1_0.xdc] for cell 'i2c_interface_i/mdm_1/U0'
INFO: [Opt 31-138] Pushed 0 inverter(s) to 0 load pin(s).
Generating merged BMM file for the design top 'camera_toplevel'...
INFO: [Memdata 28-144] Successfully populated the BRAM INIT strings from the following elf files: /media/lifrankfan/CrucialX6/CameraDriverV2/CameraDriverV2.gen/sources_1/bd/i2c_interface/ip/i2c_interface_microblaze_0_0/data/mb_bootloop_le.elf 
Netlist sorting complete. Time (s): cpu = 00:00:00 ; elapsed = 00:00:00 . Memory (MB): peak = 2409.766 ; gain = 0.000 ; free physical = 1364 ; free virtual = 19843
INFO: [Project 1-111] Unisim Transformation Summary:
  A total of 242 instances were transformed.
  IOBUF => IOBUF (IBUF, OBUFT): 1 instance 
  LUT6_2 => LUT6_2 (LUT5, LUT6): 145 instances
  RAM16X1D => RAM32X1D (RAMD32(x2)): 32 instances
  RAM32X1D => RAM32X1D (RAMD32(x2)): 64 instances

27 Infos, 8 Warnings, 8 Critical Warnings and 0 Errors encountered.
link_design completed successfully
link_design: Time (s): cpu = 00:00:17 ; elapsed = 00:00:17 . Memory (MB): peak = 2409.766 ; gain = 1126.934 ; free physical = 1364 ; free virtual = 19843
Command: opt_design
Attempting to get a license for feature 'Implementation' and/or device 'xc7s50'
INFO: [Common 17-349] Got license for feature 'Implementation' and/or device 'xc7s50'
Running DRC as a precondition to command opt_design

Starting DRC Task
INFO: [DRC 23-27] Running DRC with 8 threads
ERROR: [DRC MDRV-1] Multiple Driver Nets: Net i2c_interface_i/axi_to_iic_0/inst/axi_iic_output_inst/slv_regs[0]_0[0] has multiple drivers: i2c_interface_i/axi_to_iic_0/inst/axi_iic_output_inst/slv_regs_reg[0][0]__0/Q, and i2c_interface_i/axi_to_iic_0/inst/axi_iic_output_inst/slv_regs_reg[0][0]/Q.
INFO: [Project 1-461] DRC finished with 1 Errors
INFO: [Project 1-462] Please refer to the DRC report (report_drc) for more information.
ERROR: [Vivado_Tcl 4-78] Error(s) found during DRC. Opt_design not run.

Time (s): cpu = 00:00:01 ; elapsed = 00:00:00.81 . Memory (MB): peak = 2409.766 ; gain = 0.000 ; free physical = 1360 ; free virtual = 19840
INFO: [Common 17-83] Releasing license: Implementation
32 Infos, 8 Warnings, 8 Critical Warnings and 2 Errors encountered.
opt_design failed
ERROR: [Common 17-39] 'opt_design' failed due to earlier errors.

INFO: [Common 17-206] Exiting Vivado at Mon Apr 22 23:23:41 2024...
