19:34:45 DEBUG : Logs will be stored at '/media/lifrankfan/CrucialX6/CameraDriverV2/workspace/IDE.log'.
19:34:46 INFO  : Launching XSCT server: xsct -n  -interactive /media/lifrankfan/CrucialX6/CameraDriverV2/workspace/temp_xsdb_launch_script.tcl
19:34:46 INFO  : Platform repository initialization has completed.
19:34:46 INFO  : Registering command handlers for Vitis TCF services
19:34:48 INFO  : XSCT server has started successfully.
19:34:48 INFO  : Successfully done setting XSCT server connection channel  
19:34:48 INFO  : plnx-install-location is set to ''
19:34:48 INFO  : Successfully done query RDI_DATADIR 
19:34:48 INFO  : Successfully done setting workspace for the tool. 
19:35:24 INFO  : Result from executing command 'getProjects': camera_toplevel
19:35:24 INFO  : Result from executing command 'getPlatforms': 
19:35:24 WARN  : An unexpected exception occurred in the module 'platform project logging'
19:35:24 INFO  : Platform 'camera_toplevel' is added to custom repositories.
19:35:25 INFO  : Platform 'camera_toplevel' is added to custom repositories.
19:35:55 INFO  : Result from executing command 'getProjects': camera_toplevel
19:35:55 INFO  : Result from executing command 'getPlatforms': camera_toplevel|/media/lifrankfan/CrucialX6/CameraDriverV2/workspace/camera_toplevel/export/camera_toplevel/camera_toplevel.xpfm
19:35:58 INFO  : Checking for BSP changes to sync application flags for project 'CameraDriverV2'...
19:37:18 INFO  : Checking for BSP changes to sync application flags for project 'CameraDriverV2'...
19:37:35 INFO  : Connected to target on host '127.0.0.1' and port '3121'.
19:37:35 INFO  : Jtag cable 'RealDigital Boo 8874292301CEA' is selected.
19:37:35 INFO  : 'jtag frequency' command is executed.
19:37:35 INFO  : 'targets -set -filter {jtag_cable_name =~ "RealDigital Boo 8874292301CEA" && level==0 && jtag_device_ctx=="jsn1-0362f093-0"}' command is executed.
19:37:36 INFO  : Device configured successfully with "/media/lifrankfan/CrucialX6/CameraDriverV2/workspace/CameraDriverV2/_ide/bitstream/camera_toplevel.bit"
19:37:37 INFO  : Context for processor 'microblaze_0' is selected.
19:37:37 INFO  : Hardware design and registers information is loaded from '/media/lifrankfan/CrucialX6/CameraDriverV2/workspace/camera_toplevel/export/camera_toplevel/hw/camera_toplevel.xsa'.
19:37:37 INFO  : 'configparams mdm-detect-bscan-mask 2' command is executed.
19:37:37 INFO  : Context for processor 'microblaze_0' is selected.
19:37:37 INFO  : System reset is completed.
19:37:40 INFO  : 'after 3000' command is executed.
19:37:40 INFO  : Context for processor 'microblaze_0' is selected.
19:37:40 INFO  : The application '/media/lifrankfan/CrucialX6/CameraDriverV2/workspace/CameraDriverV2/Debug/CameraDriverV2.elf' is downloaded to processor 'microblaze_0'.
19:37:40 INFO  : ----------------XSDB Script----------------
connect -url tcp:127.0.0.1:3121
targets -set -filter {jtag_cable_name =~ "RealDigital Boo 8874292301CEA" && level==0 && jtag_device_ctx=="jsn1-0362f093-0"}
fpga -file /media/lifrankfan/CrucialX6/CameraDriverV2/workspace/CameraDriverV2/_ide/bitstream/camera_toplevel.bit
targets -set -nocase -filter {name =~ "*microblaze*#0" && bscan=="USER2" }
loadhw -hw /media/lifrankfan/CrucialX6/CameraDriverV2/workspace/camera_toplevel/export/camera_toplevel/hw/camera_toplevel.xsa -regs
configparams mdm-detect-bscan-mask 2
targets -set -nocase -filter {name =~ "*microblaze*#0" && bscan=="USER2" }
rst -system
after 3000
targets -set -nocase -filter {name =~ "*microblaze*#0" && bscan=="USER2" }
dow /media/lifrankfan/CrucialX6/CameraDriverV2/workspace/CameraDriverV2/Debug/CameraDriverV2.elf
----------------End of Script----------------

19:37:40 INFO  : Context for processor 'microblaze_0' is selected.
19:37:40 INFO  : 'con' command is executed.
19:37:40 INFO  : ----------------XSDB Script (After Launch)----------------
targets -set -nocase -filter {name =~ "*microblaze*#0" && bscan=="USER2" }
con
----------------End of Script----------------

19:37:40 INFO  : Disconnected from the channel tcfchan#2.
19:38:27 INFO  : Result from executing command 'removePlatformRepo': 
19:38:32 INFO  : Result from executing command 'getProjects': camera_toplevel
19:38:32 INFO  : Result from executing command 'getPlatforms': 
19:38:35 INFO  : Checking for BSP changes to sync application flags for project 'CameraDriverV2'...
19:38:40 INFO  : Connected to target on host '127.0.0.1' and port '3121'.
19:38:40 INFO  : Jtag cable 'RealDigital Boo 8874292301CEA' is selected.
19:38:40 INFO  : 'jtag frequency' command is executed.
19:38:40 INFO  : 'targets -set -filter {jtag_cable_name =~ "RealDigital Boo 8874292301CEA" && level==0 && jtag_device_ctx=="jsn1-0362f093-0"}' command is executed.
19:38:41 INFO  : Device configured successfully with "/media/lifrankfan/CrucialX6/CameraDriverV2/workspace/CameraDriverV2/_ide/bitstream/camera_toplevel.bit"
19:38:41 INFO  : Context for processor 'microblaze_0' is selected.
19:38:41 INFO  : Hardware design and registers information is loaded from '/media/lifrankfan/CrucialX6/CameraDriverV2/workspace/camera_toplevel/export/camera_toplevel/hw/camera_toplevel.xsa'.
19:38:41 INFO  : 'configparams mdm-detect-bscan-mask 2' command is executed.
19:38:41 INFO  : Context for processor 'microblaze_0' is selected.
19:38:41 INFO  : System reset is completed.
19:38:44 INFO  : 'after 3000' command is executed.
19:38:45 INFO  : Context for processor 'microblaze_0' is selected.
19:38:45 INFO  : The application '/media/lifrankfan/CrucialX6/CameraDriverV2/workspace/CameraDriverV2/Debug/CameraDriverV2.elf' is downloaded to processor 'microblaze_0'.
19:38:45 INFO  : ----------------XSDB Script----------------
connect -url tcp:127.0.0.1:3121
targets -set -filter {jtag_cable_name =~ "RealDigital Boo 8874292301CEA" && level==0 && jtag_device_ctx=="jsn1-0362f093-0"}
fpga -file /media/lifrankfan/CrucialX6/CameraDriverV2/workspace/CameraDriverV2/_ide/bitstream/camera_toplevel.bit
targets -set -nocase -filter {name =~ "*microblaze*#0" && bscan=="USER2" }
loadhw -hw /media/lifrankfan/CrucialX6/CameraDriverV2/workspace/camera_toplevel/export/camera_toplevel/hw/camera_toplevel.xsa -regs
configparams mdm-detect-bscan-mask 2
targets -set -nocase -filter {name =~ "*microblaze*#0" && bscan=="USER2" }
rst -system
after 3000
targets -set -nocase -filter {name =~ "*microblaze*#0" && bscan=="USER2" }
dow /media/lifrankfan/CrucialX6/CameraDriverV2/workspace/CameraDriverV2/Debug/CameraDriverV2.elf
----------------End of Script----------------

19:38:45 INFO  : Context for processor 'microblaze_0' is selected.
19:38:45 INFO  : 'con' command is executed.
19:38:45 INFO  : ----------------XSDB Script (After Launch)----------------
targets -set -nocase -filter {name =~ "*microblaze*#0" && bscan=="USER2" }
con
----------------End of Script----------------

19:38:45 INFO  : Disconnected from the channel tcfchan#5.
20:03:38 INFO  : Hardware specification for platform project 'camera_toplevel' is updated.
20:04:51 INFO  : Result from executing command 'removePlatformRepo': 
20:04:56 INFO  : Result from executing command 'getProjects': camera_toplevel
20:04:56 INFO  : Result from executing command 'getPlatforms': 
20:04:59 INFO  : Checking for BSP changes to sync application flags for project 'CameraDriverV2'...
20:05:07 INFO  : Connected to target on host '127.0.0.1' and port '3121'.
20:05:07 INFO  : Jtag cable 'RealDigital Boo 8874292301CEA' is selected.
20:05:07 INFO  : 'jtag frequency' command is executed.
20:05:07 INFO  : 'targets -set -filter {jtag_cable_name =~ "RealDigital Boo 8874292301CEA" && level==0 && jtag_device_ctx=="jsn1-0362f093-0"}' command is executed.
20:05:09 INFO  : Device configured successfully with "/media/lifrankfan/CrucialX6/CameraDriverV2/workspace/CameraDriverV2/_ide/bitstream/camera_toplevel.bit"
20:05:09 INFO  : Context for processor 'microblaze_0' is selected.
20:05:09 INFO  : Hardware design and registers information is loaded from '/media/lifrankfan/CrucialX6/CameraDriverV2/workspace/camera_toplevel/export/camera_toplevel/hw/camera_toplevel.xsa'.
20:05:09 INFO  : 'configparams mdm-detect-bscan-mask 2' command is executed.
20:05:09 INFO  : Context for processor 'microblaze_0' is selected.
20:05:09 INFO  : System reset is completed.
20:05:12 INFO  : 'after 3000' command is executed.
20:05:12 INFO  : Context for processor 'microblaze_0' is selected.
20:05:12 INFO  : The application '/media/lifrankfan/CrucialX6/CameraDriverV2/workspace/CameraDriverV2/Debug/CameraDriverV2.elf' is downloaded to processor 'microblaze_0'.
20:05:12 INFO  : ----------------XSDB Script----------------
connect -url tcp:127.0.0.1:3121
targets -set -filter {jtag_cable_name =~ "RealDigital Boo 8874292301CEA" && level==0 && jtag_device_ctx=="jsn1-0362f093-0"}
fpga -file /media/lifrankfan/CrucialX6/CameraDriverV2/workspace/CameraDriverV2/_ide/bitstream/camera_toplevel.bit
targets -set -nocase -filter {name =~ "*microblaze*#0" && bscan=="USER2" }
loadhw -hw /media/lifrankfan/CrucialX6/CameraDriverV2/workspace/camera_toplevel/export/camera_toplevel/hw/camera_toplevel.xsa -regs
configparams mdm-detect-bscan-mask 2
targets -set -nocase -filter {name =~ "*microblaze*#0" && bscan=="USER2" }
rst -system
after 3000
targets -set -nocase -filter {name =~ "*microblaze*#0" && bscan=="USER2" }
dow /media/lifrankfan/CrucialX6/CameraDriverV2/workspace/CameraDriverV2/Debug/CameraDriverV2.elf
----------------End of Script----------------

20:05:12 INFO  : Context for processor 'microblaze_0' is selected.
20:05:12 INFO  : 'con' command is executed.
20:05:12 INFO  : ----------------XSDB Script (After Launch)----------------
targets -set -nocase -filter {name =~ "*microblaze*#0" && bscan=="USER2" }
con
----------------End of Script----------------

20:05:12 INFO  : Disconnected from the channel tcfchan#8.
20:19:50 INFO  : Hardware specification for platform project 'camera_toplevel' is updated.
20:19:59 INFO  : Result from executing command 'removePlatformRepo': 
20:20:03 INFO  : Result from executing command 'getProjects': camera_toplevel
20:20:03 INFO  : Result from executing command 'getPlatforms': 
20:20:06 INFO  : Checking for BSP changes to sync application flags for project 'CameraDriverV2'...
20:20:07 INFO  : The hardware specification used by project 'CameraDriverV2' is out of sync with the platform. Resource files extracted from the hardware specification will be updated.
20:20:07 INFO  : The file '/media/lifrankfan/CrucialX6/CameraDriverV2/workspace/CameraDriverV2/_ide/bitstream/camera_toplevel.bit' stored in project is removed.
20:20:07 INFO  : The file '/media/lifrankfan/CrucialX6/CameraDriverV2/workspace/CameraDriverV2/_ide/bitstream/camera_toplevel.mmi' stored in project is removed.
20:20:07 INFO  : The updated bitstream files are copied from platform to folder '/media/lifrankfan/CrucialX6/CameraDriverV2/workspace/CameraDriverV2/_ide/bitstream' in project 'CameraDriverV2'.
20:21:02 INFO  : Connected to target on host '127.0.0.1' and port '3121'.
20:21:03 INFO  : Jtag cable 'RealDigital Boo 8874292301CEA' is selected.
20:21:03 INFO  : 'jtag frequency' command is executed.
20:21:03 INFO  : 'targets -set -filter {jtag_cable_name =~ "RealDigital Boo 8874292301CEA" && level==0 && jtag_device_ctx=="jsn1-0362f093-0"}' command is executed.
20:21:04 INFO  : Device configured successfully with "/media/lifrankfan/CrucialX6/CameraDriverV2/workspace/CameraDriverV2/_ide/bitstream/camera_toplevel.bit"
20:21:04 INFO  : Context for processor 'microblaze_0' is selected.
20:21:04 INFO  : Hardware design and registers information is loaded from '/media/lifrankfan/CrucialX6/CameraDriverV2/workspace/camera_toplevel/export/camera_toplevel/hw/camera_toplevel.xsa'.
20:21:04 INFO  : 'configparams mdm-detect-bscan-mask 2' command is executed.
20:21:04 INFO  : Context for processor 'microblaze_0' is selected.
20:21:04 INFO  : System reset is completed.
20:21:07 INFO  : 'after 3000' command is executed.
20:21:07 INFO  : Context for processor 'microblaze_0' is selected.
20:21:07 INFO  : The application '/media/lifrankfan/CrucialX6/CameraDriverV2/workspace/CameraDriverV2/Debug/CameraDriverV2.elf' is downloaded to processor 'microblaze_0'.
20:21:07 INFO  : ----------------XSDB Script----------------
connect -url tcp:127.0.0.1:3121
targets -set -filter {jtag_cable_name =~ "RealDigital Boo 8874292301CEA" && level==0 && jtag_device_ctx=="jsn1-0362f093-0"}
fpga -file /media/lifrankfan/CrucialX6/CameraDriverV2/workspace/CameraDriverV2/_ide/bitstream/camera_toplevel.bit
targets -set -nocase -filter {name =~ "*microblaze*#0" && bscan=="USER2" }
loadhw -hw /media/lifrankfan/CrucialX6/CameraDriverV2/workspace/camera_toplevel/export/camera_toplevel/hw/camera_toplevel.xsa -regs
configparams mdm-detect-bscan-mask 2
targets -set -nocase -filter {name =~ "*microblaze*#0" && bscan=="USER2" }
rst -system
after 3000
targets -set -nocase -filter {name =~ "*microblaze*#0" && bscan=="USER2" }
dow /media/lifrankfan/CrucialX6/CameraDriverV2/workspace/CameraDriverV2/Debug/CameraDriverV2.elf
----------------End of Script----------------

20:21:07 INFO  : Context for processor 'microblaze_0' is selected.
20:21:07 INFO  : 'con' command is executed.
20:21:07 INFO  : ----------------XSDB Script (After Launch)----------------
targets -set -nocase -filter {name =~ "*microblaze*#0" && bscan=="USER2" }
con
----------------End of Script----------------

20:21:07 INFO  : Disconnected from the channel tcfchan#11.
20:29:21 INFO  : Checking for BSP changes to sync application flags for project 'CameraDriverV2'...
20:30:17 INFO  : Result from executing command 'removePlatformRepo': 
20:30:21 INFO  : Result from executing command 'getProjects': camera_toplevel
20:30:21 INFO  : Result from executing command 'getPlatforms': 
20:30:24 INFO  : Checking for BSP changes to sync application flags for project 'CameraDriverV2'...
20:30:49 INFO  : Result from executing command 'removePlatformRepo': 
20:30:54 INFO  : Result from executing command 'getProjects': camera_toplevel
20:30:54 INFO  : Result from executing command 'getPlatforms': 
20:30:57 INFO  : Checking for BSP changes to sync application flags for project 'CameraDriverV2'...
20:34:36 INFO  : Result from executing command 'removePlatformRepo': 
20:34:41 INFO  : Result from executing command 'getProjects': camera_toplevel
20:34:41 INFO  : Result from executing command 'getPlatforms': 
20:34:44 INFO  : Checking for BSP changes to sync application flags for project 'CameraDriverV2'...
20:35:15 INFO  : Result from executing command 'removePlatformRepo': 
20:35:19 INFO  : Result from executing command 'getProjects': camera_toplevel
20:35:19 INFO  : Result from executing command 'getPlatforms': 
20:35:22 INFO  : Checking for BSP changes to sync application flags for project 'CameraDriverV2'...
20:35:50 INFO  : Connected to target on host '127.0.0.1' and port '3121'.
20:35:50 INFO  : Jtag cable 'RealDigital Boo 8874292301CEA' is selected.
20:35:50 INFO  : 'jtag frequency' command is executed.
20:35:50 INFO  : 'targets -set -filter {jtag_cable_name =~ "RealDigital Boo 8874292301CEA" && level==0 && jtag_device_ctx=="jsn1-0362f093-0"}' command is executed.
20:35:51 INFO  : Device configured successfully with "/media/lifrankfan/CrucialX6/CameraDriverV2/workspace/CameraDriverV2/_ide/bitstream/camera_toplevel.bit"
20:35:51 INFO  : Context for processor 'microblaze_0' is selected.
20:35:51 INFO  : Hardware design and registers information is loaded from '/media/lifrankfan/CrucialX6/CameraDriverV2/workspace/camera_toplevel/export/camera_toplevel/hw/camera_toplevel.xsa'.
20:35:51 INFO  : 'configparams mdm-detect-bscan-mask 2' command is executed.
20:35:51 INFO  : Context for processor 'microblaze_0' is selected.
20:35:51 INFO  : System reset is completed.
20:35:54 INFO  : 'after 3000' command is executed.
20:35:54 INFO  : Context for processor 'microblaze_0' is selected.
20:35:54 INFO  : The application '/media/lifrankfan/CrucialX6/CameraDriverV2/workspace/CameraDriverV2/Debug/CameraDriverV2.elf' is downloaded to processor 'microblaze_0'.
20:35:54 INFO  : ----------------XSDB Script----------------
connect -url tcp:127.0.0.1:3121
targets -set -filter {jtag_cable_name =~ "RealDigital Boo 8874292301CEA" && level==0 && jtag_device_ctx=="jsn1-0362f093-0"}
fpga -file /media/lifrankfan/CrucialX6/CameraDriverV2/workspace/CameraDriverV2/_ide/bitstream/camera_toplevel.bit
targets -set -nocase -filter {name =~ "*microblaze*#0" && bscan=="USER2" }
loadhw -hw /media/lifrankfan/CrucialX6/CameraDriverV2/workspace/camera_toplevel/export/camera_toplevel/hw/camera_toplevel.xsa -regs
configparams mdm-detect-bscan-mask 2
targets -set -nocase -filter {name =~ "*microblaze*#0" && bscan=="USER2" }
rst -system
after 3000
targets -set -nocase -filter {name =~ "*microblaze*#0" && bscan=="USER2" }
dow /media/lifrankfan/CrucialX6/CameraDriverV2/workspace/CameraDriverV2/Debug/CameraDriverV2.elf
----------------End of Script----------------

20:35:54 INFO  : Context for processor 'microblaze_0' is selected.
20:35:54 INFO  : 'con' command is executed.
20:35:54 INFO  : ----------------XSDB Script (After Launch)----------------
targets -set -nocase -filter {name =~ "*microblaze*#0" && bscan=="USER2" }
con
----------------End of Script----------------

20:35:54 INFO  : Disconnected from the channel tcfchan#20.
20:36:38 INFO  : Result from executing command 'removePlatformRepo': 
20:36:43 INFO  : Result from executing command 'getProjects': camera_toplevel
20:36:43 INFO  : Result from executing command 'getPlatforms': 
20:36:46 INFO  : Checking for BSP changes to sync application flags for project 'CameraDriverV2'...
20:36:53 INFO  : Result from executing command 'removePlatformRepo': 
20:36:58 INFO  : Result from executing command 'getProjects': camera_toplevel
20:36:58 INFO  : Result from executing command 'getPlatforms': 
20:37:01 INFO  : Checking for BSP changes to sync application flags for project 'CameraDriverV2'...
20:37:07 INFO  : Connected to target on host '127.0.0.1' and port '3121'.
20:37:07 INFO  : Jtag cable 'RealDigital Boo 8874292301CEA' is selected.
20:37:07 INFO  : 'jtag frequency' command is executed.
20:37:07 INFO  : 'targets -set -filter {jtag_cable_name =~ "RealDigital Boo 8874292301CEA" && level==0 && jtag_device_ctx=="jsn1-0362f093-0"}' command is executed.
20:37:08 INFO  : Device configured successfully with "/media/lifrankfan/CrucialX6/CameraDriverV2/workspace/CameraDriverV2/_ide/bitstream/camera_toplevel.bit"
20:37:08 INFO  : Context for processor 'microblaze_0' is selected.
20:37:08 INFO  : Hardware design and registers information is loaded from '/media/lifrankfan/CrucialX6/CameraDriverV2/workspace/camera_toplevel/export/camera_toplevel/hw/camera_toplevel.xsa'.
20:37:08 INFO  : 'configparams mdm-detect-bscan-mask 2' command is executed.
20:37:08 INFO  : Context for processor 'microblaze_0' is selected.
20:37:08 INFO  : System reset is completed.
20:37:11 INFO  : 'after 3000' command is executed.
20:37:11 INFO  : Context for processor 'microblaze_0' is selected.
20:37:11 INFO  : The application '/media/lifrankfan/CrucialX6/CameraDriverV2/workspace/CameraDriverV2/Debug/CameraDriverV2.elf' is downloaded to processor 'microblaze_0'.
20:37:11 INFO  : ----------------XSDB Script----------------
connect -url tcp:127.0.0.1:3121
targets -set -filter {jtag_cable_name =~ "RealDigital Boo 8874292301CEA" && level==0 && jtag_device_ctx=="jsn1-0362f093-0"}
fpga -file /media/lifrankfan/CrucialX6/CameraDriverV2/workspace/CameraDriverV2/_ide/bitstream/camera_toplevel.bit
targets -set -nocase -filter {name =~ "*microblaze*#0" && bscan=="USER2" }
loadhw -hw /media/lifrankfan/CrucialX6/CameraDriverV2/workspace/camera_toplevel/export/camera_toplevel/hw/camera_toplevel.xsa -regs
configparams mdm-detect-bscan-mask 2
targets -set -nocase -filter {name =~ "*microblaze*#0" && bscan=="USER2" }
rst -system
after 3000
targets -set -nocase -filter {name =~ "*microblaze*#0" && bscan=="USER2" }
dow /media/lifrankfan/CrucialX6/CameraDriverV2/workspace/CameraDriverV2/Debug/CameraDriverV2.elf
----------------End of Script----------------

20:37:11 INFO  : Context for processor 'microblaze_0' is selected.
20:37:11 INFO  : 'con' command is executed.
20:37:11 INFO  : ----------------XSDB Script (After Launch)----------------
targets -set -nocase -filter {name =~ "*microblaze*#0" && bscan=="USER2" }
con
----------------End of Script----------------

20:37:11 INFO  : Disconnected from the channel tcfchan#25.
20:41:47 INFO  : Result from executing command 'removePlatformRepo': 
20:41:52 INFO  : Result from executing command 'getProjects': camera_toplevel
20:41:52 INFO  : Result from executing command 'getPlatforms': 
20:41:55 INFO  : Checking for BSP changes to sync application flags for project 'CameraDriverV2'...
21:13:37 DEBUG : Logs will be stored at '/media/lifrankfan/CrucialX6/CameraDriverV2/workspace/IDE.log'.
21:13:37 INFO  : Launching XSCT server: xsct -n  -interactive /media/lifrankfan/CrucialX6/CameraDriverV2/workspace/temp_xsdb_launch_script.tcl
21:13:39 INFO  : Platform repository initialization has completed.
21:13:39 INFO  : XSCT server has started successfully.
21:13:39 INFO  : plnx-install-location is set to ''
21:13:39 INFO  : Successfully done setting XSCT server connection channel  
21:13:40 INFO  : Registering command handlers for Vitis TCF services
21:13:40 INFO  : Successfully done setting workspace for the tool. 
21:13:40 INFO  : Successfully done query RDI_DATADIR 
21:16:38 INFO  : Result from executing command 'removePlatformRepo': 
21:16:44 INFO  : Result from executing command 'getProjects': camera_toplevel
21:16:44 INFO  : Result from executing command 'getPlatforms': 
21:16:47 INFO  : Checking for BSP changes to sync application flags for project 'CameraDriverV2'...
21:17:01 INFO  : Checking for BSP changes to sync application flags for project 'CameraDriverV2'...
21:17:09 INFO  : Result from executing command 'removePlatformRepo': 
21:17:16 INFO  : Result from executing command 'getProjects': camera_toplevel
21:17:16 INFO  : Result from executing command 'getPlatforms': 
21:17:19 INFO  : Checking for BSP changes to sync application flags for project 'CameraDriverV2'...
21:17:28 INFO  : Connected to target on host '127.0.0.1' and port '3121'.
21:17:29 INFO  : Jtag cable 'RealDigital Boo 887429230177A' is selected.
21:17:29 INFO  : 'jtag frequency' command is executed.
21:17:29 INFO  : 'targets -set -filter {jtag_cable_name =~ "RealDigital Boo 887429230177A" && level==0 && jtag_device_ctx=="jsn1-0362f093-0"}' command is executed.
21:17:30 INFO  : Device configured successfully with "/media/lifrankfan/CrucialX6/CameraDriverV2/workspace/CameraDriverV2/_ide/bitstream/camera_toplevel.bit"
21:17:30 INFO  : Context for processor 'microblaze_0' is selected.
21:17:30 INFO  : Hardware design and registers information is loaded from '/media/lifrankfan/CrucialX6/CameraDriverV2/workspace/camera_toplevel/export/camera_toplevel/hw/camera_toplevel.xsa'.
21:17:30 INFO  : 'configparams mdm-detect-bscan-mask 2' command is executed.
21:17:30 INFO  : Context for processor 'microblaze_0' is selected.
21:17:30 INFO  : System reset is completed.
21:17:33 INFO  : 'after 3000' command is executed.
21:17:33 INFO  : Context for processor 'microblaze_0' is selected.
21:17:34 INFO  : The application '/media/lifrankfan/CrucialX6/CameraDriverV2/workspace/CameraDriverV2/Debug/CameraDriverV2.elf' is downloaded to processor 'microblaze_0'.
21:17:34 INFO  : ----------------XSDB Script----------------
connect -url tcp:127.0.0.1:3121
targets -set -filter {jtag_cable_name =~ "RealDigital Boo 887429230177A" && level==0 && jtag_device_ctx=="jsn1-0362f093-0"}
fpga -file /media/lifrankfan/CrucialX6/CameraDriverV2/workspace/CameraDriverV2/_ide/bitstream/camera_toplevel.bit
targets -set -nocase -filter {name =~ "*microblaze*#0" && bscan=="USER2" }
loadhw -hw /media/lifrankfan/CrucialX6/CameraDriverV2/workspace/camera_toplevel/export/camera_toplevel/hw/camera_toplevel.xsa -regs
configparams mdm-detect-bscan-mask 2
targets -set -nocase -filter {name =~ "*microblaze*#0" && bscan=="USER2" }
rst -system
after 3000
targets -set -nocase -filter {name =~ "*microblaze*#0" && bscan=="USER2" }
dow /media/lifrankfan/CrucialX6/CameraDriverV2/workspace/CameraDriverV2/Debug/CameraDriverV2.elf
----------------End of Script----------------

21:17:34 INFO  : Context for processor 'microblaze_0' is selected.
21:17:34 INFO  : 'con' command is executed.
21:17:34 INFO  : ----------------XSDB Script (After Launch)----------------
targets -set -nocase -filter {name =~ "*microblaze*#0" && bscan=="USER2" }
con
----------------End of Script----------------

21:17:34 INFO  : Disconnected from the channel tcfchan#5.
21:20:13 INFO  : Result from executing command 'removePlatformRepo': 
21:20:20 INFO  : Result from executing command 'getProjects': camera_toplevel
21:20:20 INFO  : Result from executing command 'getPlatforms': 
21:20:23 INFO  : Checking for BSP changes to sync application flags for project 'CameraDriverV2'...
21:20:30 INFO  : Connected to target on host '127.0.0.1' and port '3121'.
21:20:30 INFO  : Jtag cable 'RealDigital Boo 887429230177A' is selected.
21:20:30 INFO  : 'jtag frequency' command is executed.
21:20:30 INFO  : 'targets -set -filter {jtag_cable_name =~ "RealDigital Boo 887429230177A" && level==0 && jtag_device_ctx=="jsn1-0362f093-0"}' command is executed.
21:20:32 INFO  : Device configured successfully with "/media/lifrankfan/CrucialX6/CameraDriverV2/workspace/CameraDriverV2/_ide/bitstream/camera_toplevel.bit"
21:20:32 INFO  : Context for processor 'microblaze_0' is selected.
21:20:32 INFO  : Hardware design and registers information is loaded from '/media/lifrankfan/CrucialX6/CameraDriverV2/workspace/camera_toplevel/export/camera_toplevel/hw/camera_toplevel.xsa'.
21:20:32 INFO  : 'configparams mdm-detect-bscan-mask 2' command is executed.
21:20:32 INFO  : Context for processor 'microblaze_0' is selected.
21:20:32 INFO  : System reset is completed.
21:20:35 INFO  : 'after 3000' command is executed.
21:20:35 INFO  : Context for processor 'microblaze_0' is selected.
21:20:35 INFO  : The application '/media/lifrankfan/CrucialX6/CameraDriverV2/workspace/CameraDriverV2/Debug/CameraDriverV2.elf' is downloaded to processor 'microblaze_0'.
21:20:35 INFO  : ----------------XSDB Script----------------
connect -url tcp:127.0.0.1:3121
targets -set -filter {jtag_cable_name =~ "RealDigital Boo 887429230177A" && level==0 && jtag_device_ctx=="jsn1-0362f093-0"}
fpga -file /media/lifrankfan/CrucialX6/CameraDriverV2/workspace/CameraDriverV2/_ide/bitstream/camera_toplevel.bit
targets -set -nocase -filter {name =~ "*microblaze*#0" && bscan=="USER2" }
loadhw -hw /media/lifrankfan/CrucialX6/CameraDriverV2/workspace/camera_toplevel/export/camera_toplevel/hw/camera_toplevel.xsa -regs
configparams mdm-detect-bscan-mask 2
targets -set -nocase -filter {name =~ "*microblaze*#0" && bscan=="USER2" }
rst -system
after 3000
targets -set -nocase -filter {name =~ "*microblaze*#0" && bscan=="USER2" }
dow /media/lifrankfan/CrucialX6/CameraDriverV2/workspace/CameraDriverV2/Debug/CameraDriverV2.elf
----------------End of Script----------------

21:20:35 INFO  : Context for processor 'microblaze_0' is selected.
21:20:35 INFO  : 'con' command is executed.
21:20:35 INFO  : ----------------XSDB Script (After Launch)----------------
targets -set -nocase -filter {name =~ "*microblaze*#0" && bscan=="USER2" }
con
----------------End of Script----------------

21:20:35 INFO  : Disconnected from the channel tcfchan#8.
